{"D:\\Zunitex\\zunitex\\functions\\src\\config.ts": {"path":"D:\\Zunitex\\zunitex\\functions\\src\\config.ts","statementMap":{"0":{"start":{"line":1,"column":0},"end":{"line":1,"column":58}},"1":{"start":{"line":2,"column":0},"end":{"line":2,"column":54}},"2":{"start":{"line":3,"column":0},"end":{"line":3,"column":44}},"3":{"start":{"line":6,"column":0},"end":{"line":8,"column":1}},"4":{"start":{"line":7,"column":2},"end":{"line":7,"column":18}},"5":{"start":{"line":10,"column":13},"end":{"line":10,"column":33}},"6":{"start":{"line":11,"column":13},"end":{"line":11,"column":30}},"7":{"start":{"line":14,"column":27},"end":{"line":20,"column":1}},"8":{"start":{"line":19,"column":2},"end":{"line":19,"column":57}},"9":{"start":{"line":14,"column":13},"end":{"line":14,"column":27}},"10":{"start":{"line":22,"column":24},"end":{"line":24,"column":1}},"11":{"start":{"line":23,"column":2},"end":{"line":23,"column":59}},"12":{"start":{"line":22,"column":13},"end":{"line":22,"column":24}}},"fnMap":{"0":{"name":"(anonymous_0)","decl":{"start":{"line":14,"column":27},"end":{"line":14,"column":null}},"loc":{"start":{"line":18,"column":4},"end":{"line":20,"column":1}}},"1":{"name":"(anonymous_1)","decl":{"start":{"line":22,"column":24},"end":{"line":22,"column":25}},"loc":{"start":{"line":22,"column":63},"end":{"line":24,"column":1}}}},"branchMap":{"0":{"loc":{"start":{"line":6,"column":0},"end":{"line":8,"column":1}},"type":"if","locations":[{"start":{"line":6,"column":0},"end":{"line":8,"column":1}}]},"1":{"loc":{"start":{"line":19,"column":45},"end":{"line":19,"column":55}},"type":"binary-expr","locations":[{"start":{"line":19,"column":45},"end":{"line":19,"column":49}},{"start":{"line":19,"column":53},"end":{"line":19,"column":55}}]}},"s":{"0":0,"1":0,"2":0,"3":0,"4":0,"5":0,"6":0,"7":0,"8":0,"9":0,"10":0,"11":0,"12":0},"f":{"0":0,"1":0},"b":{"0":[0],"1":[0,0]}}
,"D:\\Zunitex\\zunitex\\functions\\src\\__tests__\\setup.ts": {"path":"D:\\Zunitex\\zunitex\\functions\\src\\__tests__\\setup.ts","statementMap":{"0":{"start":{"line":1,"column":0},"end":{"line":1,"column":40}},"1":{"start":{"line":2,"column":0},"end":{"line":2,"column":52}},"2":{"start":{"line":5,"column":13},"end":{"line":10,"column":2}},"3":{"start":{"line":13,"column":29},"end":{"line":23,"column":1}},"4":{"start":{"line":14,"column":13},"end":{"line":14,"column":30}},"5":{"start":{"line":17,"column":3},"end":{"line":20,"column":5}},"6":{"start":{"line":17,"column":70},"end":{"line":20,"column":4}},"7":{"start":{"line":22,"column":2},"end":{"line":22,"column":12}},"8":{"start":{"line":13,"column":13},"end":{"line":13,"column":29}},"9":{"start":{"line":26,"column":36},"end":{"line":28,"column":1}},"10":{"start":{"line":27,"column":2},"end":{"line":27,"column":78}},"11":{"start":{"line":26,"column":13},"end":{"line":26,"column":36}},"12":{"start":{"line":31,"column":34},"end":{"line":33,"column":1}},"13":{"start":{"line":32,"column":2},"end":{"line":32,"column":83}},"14":{"start":{"line":31,"column":13},"end":{"line":31,"column":34}},"15":{"start":{"line":36,"column":26},"end":{"line":40,"column":1}},"16":{"start":{"line":37,"column":17},"end":{"line":37,"column":91}},"17":{"start":{"line":38,"column":16},"end":{"line":38,"column":89}},"18":{"start":{"line":39,"column":2},"end":{"line":39,"column":27}},"19":{"start":{"line":36,"column":13},"end":{"line":36,"column":26}},"20":{"start":{"line":43,"column":23},"end":{"line":45,"column":1}},"21":{"start":{"line":44,"column":2},"end":{"line":44,"column":17}},"22":{"start":{"line":43,"column":13},"end":{"line":43,"column":23}}},"fnMap":{"0":{"name":"(anonymous_10)","decl":{"start":{"line":13,"column":29},"end":{"line":13,"column":32}},"loc":{"start":{"line":13,"column":34},"end":{"line":23,"column":1}}},"1":{"name":"(anonymous_11)","decl":{"start":{"line":17,"column":50},"end":{"line":17,"column":51}},"loc":{"start":{"line":17,"column":70},"end":{"line":20,"column":4}}},"2":{"name":"(anonymous_12)","decl":{"start":{"line":26,"column":36},"end":{"line":26,"column":37}},"loc":{"start":{"line":26,"column":118},"end":{"line":28,"column":1}}},"3":{"name":"(anonymous_13)","decl":{"start":{"line":31,"column":34},"end":{"line":31,"column":35}},"loc":{"start":{"line":31,"column":138},"end":{"line":33,"column":1}}},"4":{"name":"(anonymous_14)","decl":{"start":{"line":36,"column":26},"end":{"line":36,"column":27}},"loc":{"start":{"line":36,"column":130},"end":{"line":40,"column":1}}},"5":{"name":"(anonymous_15)","decl":{"start":{"line":43,"column":23},"end":{"line":43,"column":26}},"loc":{"start":{"line":43,"column":28},"end":{"line":45,"column":1}}}},"branchMap":{"0":{"loc":{"start":{"line":26,"column":48},"end":{"line":26,"column":70}},"type":"default-arg","locations":[{"start":{"line":26,"column":61},"end":{"line":26,"column":70}}]},"1":{"loc":{"start":{"line":26,"column":72},"end":{"line":26,"column":114}},"type":"default-arg","locations":[{"start":{"line":26,"column":97},"end":{"line":26,"column":114}}]},"2":{"loc":{"start":{"line":31,"column":68},"end":{"line":31,"column":90}},"type":"default-arg","locations":[{"start":{"line":31,"column":81},"end":{"line":31,"column":90}}]},"3":{"loc":{"start":{"line":31,"column":92},"end":{"line":31,"column":134}},"type":"default-arg","locations":[{"start":{"line":31,"column":117},"end":{"line":31,"column":134}}]},"4":{"loc":{"start":{"line":36,"column":60},"end":{"line":36,"column":82}},"type":"default-arg","locations":[{"start":{"line":36,"column":73},"end":{"line":36,"column":82}}]},"5":{"loc":{"start":{"line":36,"column":84},"end":{"line":36,"column":126}},"type":"default-arg","locations":[{"start":{"line":36,"column":109},"end":{"line":36,"column":126}}]}},"s":{"0":5,"1":5,"2":5,"3":5,"4":0,"5":0,"6":0,"7":0,"8":5,"9":5,"10":46,"11":5,"12":5,"13":0,"14":5,"15":5,"16":3,"17":3,"18":3,"19":5,"20":5,"21":5,"22":5},"f":{"0":0,"1":0,"2":46,"3":0,"4":3,"5":5},"b":{"0":[0],"1":[0],"2":[0],"3":[0],"4":[0],"5":[0]}}
,"D:\\Zunitex\\zunitex\\functions\\src\\triggers\\blog-likes.ts": {"path":"D:\\Zunitex\\zunitex\\functions\\src\\triggers\\blog-likes.ts","statementMap":{"0":{"start":{"line":1,"column":0},"end":{"line":1,"column":48}},"1":{"start":{"line":2,"column":0},"end":{"line":2,"column":79}},"2":{"start":{"line":9,"column":13},"end":{"line":36,"column":5}},"3":{"start":{"line":12,"column":4},"end":{"line":35,"column":5}},"4":{"start":{"line":13,"column":31},"end":{"line":13,"column":42}},"5":{"start":{"line":16,"column":6},"end":{"line":19,"column":7}},"6":{"start":{"line":17,"column":8},"end":{"line":17,"column":68}},"7":{"start":{"line":18,"column":8},"end":{"line":18,"column":15}},"8":{"start":{"line":22,"column":25},"end":{"line":22,"column":69}},"9":{"start":{"line":23,"column":6},"end":{"line":26,"column":7}},"10":{"start":{"line":24,"column":8},"end":{"line":24,"column":60}},"11":{"start":{"line":25,"column":8},"end":{"line":25,"column":15}},"12":{"start":{"line":29,"column":6},"end":{"line":29,"column":70}},"13":{"start":{"line":31,"column":6},"end":{"line":31,"column":73}},"14":{"start":{"line":33,"column":6},"end":{"line":33,"column":57}},"15":{"start":{"line":34,"column":6},"end":{"line":34,"column":18}},"16":{"start":{"line":43,"column":13},"end":{"line":70,"column":5}},"17":{"start":{"line":46,"column":4},"end":{"line":69,"column":5}},"18":{"start":{"line":47,"column":31},"end":{"line":47,"column":42}},"19":{"start":{"line":50,"column":6},"end":{"line":53,"column":7}},"20":{"start":{"line":51,"column":8},"end":{"line":51,"column":68}},"21":{"start":{"line":52,"column":8},"end":{"line":52,"column":15}},"22":{"start":{"line":56,"column":25},"end":{"line":56,"column":69}},"23":{"start":{"line":57,"column":6},"end":{"line":60,"column":7}},"24":{"start":{"line":58,"column":8},"end":{"line":58,"column":71}},"25":{"start":{"line":59,"column":8},"end":{"line":59,"column":15}},"26":{"start":{"line":63,"column":6},"end":{"line":63,"column":71}},"27":{"start":{"line":65,"column":6},"end":{"line":65,"column":77}},"28":{"start":{"line":67,"column":6},"end":{"line":67,"column":57}},"29":{"start":{"line":68,"column":6},"end":{"line":68,"column":18}}},"fnMap":{"0":{"name":"(anonymous_9)","decl":{"start":{"line":11,"column":12},"end":{"line":11,"column":17}},"loc":{"start":{"line":11,"column":27},"end":{"line":36,"column":3}}},"1":{"name":"(anonymous_10)","decl":{"start":{"line":45,"column":12},"end":{"line":45,"column":17}},"loc":{"start":{"line":45,"column":27},"end":{"line":70,"column":3}}}},"branchMap":{"0":{"loc":{"start":{"line":16,"column":6},"end":{"line":19,"column":7}},"type":"if","locations":[{"start":{"line":16,"column":6},"end":{"line":19,"column":7}}]},"1":{"loc":{"start":{"line":16,"column":10},"end":{"line":16,"column":28}},"type":"binary-expr","locations":[{"start":{"line":16,"column":10},"end":{"line":16,"column":17}},{"start":{"line":16,"column":21},"end":{"line":16,"column":28}}]},"2":{"loc":{"start":{"line":23,"column":6},"end":{"line":26,"column":7}},"type":"if","locations":[{"start":{"line":23,"column":6},"end":{"line":26,"column":7}}]},"3":{"loc":{"start":{"line":50,"column":6},"end":{"line":53,"column":7}},"type":"if","locations":[{"start":{"line":50,"column":6},"end":{"line":53,"column":7}}]},"4":{"loc":{"start":{"line":50,"column":10},"end":{"line":50,"column":28}},"type":"binary-expr","locations":[{"start":{"line":50,"column":10},"end":{"line":50,"column":17}},{"start":{"line":50,"column":21},"end":{"line":50,"column":28}}]},"5":{"loc":{"start":{"line":57,"column":6},"end":{"line":60,"column":7}},"type":"if","locations":[{"start":{"line":57,"column":6},"end":{"line":60,"column":7}}]}},"s":{"0":1,"1":1,"2":1,"3":5,"4":5,"5":5,"6":2,"7":2,"8":3,"9":3,"10":1,"11":1,"12":2,"13":1,"14":1,"15":1,"16":1,"17":3,"18":3,"19":3,"20":1,"21":1,"22":2,"23":2,"24":0,"25":0,"26":2,"27":1,"28":1,"29":1},"f":{"0":5,"1":3},"b":{"0":[2],"1":[5,4],"2":[1],"3":[1],"4":[3,2],"5":[0]}}
,"D:\\Zunitex\\zunitex\\functions\\src\\triggers\\followers.ts": {"path":"D:\\Zunitex\\zunitex\\functions\\src\\triggers\\followers.ts","statementMap":{"0":{"start":{"line":1,"column":0},"end":{"line":1,"column":48}},"1":{"start":{"line":2,"column":0},"end":{"line":2,"column":79}},"2":{"start":{"line":11,"column":13},"end":{"line":48,"column":5}},"3":{"start":{"line":14,"column":4},"end":{"line":47,"column":5}},"4":{"start":{"line":15,"column":40},"end":{"line":15,"column":51}},"5":{"start":{"line":18,"column":6},"end":{"line":21,"column":7}},"6":{"start":{"line":19,"column":8},"end":{"line":19,"column":59}},"7":{"start":{"line":20,"column":8},"end":{"line":20,"column":15}},"8":{"start":{"line":24,"column":29},"end":{"line":24,"column":72}},"9":{"start":{"line":25,"column":30},"end":{"line":25,"column":74}},"10":{"start":{"line":27,"column":6},"end":{"line":30,"column":7}},"11":{"start":{"line":28,"column":8},"end":{"line":28,"column":68}},"12":{"start":{"line":29,"column":8},"end":{"line":29,"column":15}},"13":{"start":{"line":32,"column":6},"end":{"line":35,"column":7}},"14":{"start":{"line":33,"column":8},"end":{"line":33,"column":70}},"15":{"start":{"line":34,"column":8},"end":{"line":34,"column":15}},"16":{"start":{"line":38,"column":6},"end":{"line":38,"column":73}},"17":{"start":{"line":41,"column":6},"end":{"line":41,"column":74}},"18":{"start":{"line":43,"column":6},"end":{"line":43,"column":64}},"19":{"start":{"line":45,"column":6},"end":{"line":45,"column":57}},"20":{"start":{"line":46,"column":6},"end":{"line":46,"column":18}},"21":{"start":{"line":57,"column":13},"end":{"line":94,"column":5}},"22":{"start":{"line":60,"column":4},"end":{"line":93,"column":5}},"23":{"start":{"line":61,"column":40},"end":{"line":61,"column":51}},"24":{"start":{"line":64,"column":6},"end":{"line":67,"column":7}},"25":{"start":{"line":65,"column":8},"end":{"line":65,"column":59}},"26":{"start":{"line":66,"column":8},"end":{"line":66,"column":15}},"27":{"start":{"line":70,"column":29},"end":{"line":70,"column":72}},"28":{"start":{"line":71,"column":30},"end":{"line":71,"column":74}},"29":{"start":{"line":73,"column":6},"end":{"line":76,"column":7}},"30":{"start":{"line":74,"column":8},"end":{"line":74,"column":68}},"31":{"start":{"line":75,"column":8},"end":{"line":75,"column":15}},"32":{"start":{"line":78,"column":6},"end":{"line":81,"column":7}},"33":{"start":{"line":79,"column":8},"end":{"line":79,"column":70}},"34":{"start":{"line":80,"column":8},"end":{"line":80,"column":15}},"35":{"start":{"line":84,"column":6},"end":{"line":84,"column":74}},"36":{"start":{"line":87,"column":6},"end":{"line":87,"column":75}},"37":{"start":{"line":89,"column":6},"end":{"line":89,"column":66}},"38":{"start":{"line":91,"column":6},"end":{"line":91,"column":57}},"39":{"start":{"line":92,"column":6},"end":{"line":92,"column":18}}},"fnMap":{"0":{"name":"(anonymous_9)","decl":{"start":{"line":13,"column":12},"end":{"line":13,"column":17}},"loc":{"start":{"line":13,"column":27},"end":{"line":48,"column":3}}},"1":{"name":"(anonymous_10)","decl":{"start":{"line":59,"column":12},"end":{"line":59,"column":17}},"loc":{"start":{"line":59,"column":27},"end":{"line":94,"column":3}}}},"branchMap":{"0":{"loc":{"start":{"line":18,"column":6},"end":{"line":21,"column":7}},"type":"if","locations":[{"start":{"line":18,"column":6},"end":{"line":21,"column":7}}]},"1":{"loc":{"start":{"line":18,"column":10},"end":{"line":18,"column":37}},"type":"binary-expr","locations":[{"start":{"line":18,"column":10},"end":{"line":18,"column":21}},{"start":{"line":18,"column":25},"end":{"line":18,"column":37}}]},"2":{"loc":{"start":{"line":27,"column":6},"end":{"line":30,"column":7}},"type":"if","locations":[{"start":{"line":27,"column":6},"end":{"line":30,"column":7}}]},"3":{"loc":{"start":{"line":32,"column":6},"end":{"line":35,"column":7}},"type":"if","locations":[{"start":{"line":32,"column":6},"end":{"line":35,"column":7}}]},"4":{"loc":{"start":{"line":64,"column":6},"end":{"line":67,"column":7}},"type":"if","locations":[{"start":{"line":64,"column":6},"end":{"line":67,"column":7}}]},"5":{"loc":{"start":{"line":64,"column":10},"end":{"line":64,"column":37}},"type":"binary-expr","locations":[{"start":{"line":64,"column":10},"end":{"line":64,"column":21}},{"start":{"line":64,"column":25},"end":{"line":64,"column":37}}]},"6":{"loc":{"start":{"line":73,"column":6},"end":{"line":76,"column":7}},"type":"if","locations":[{"start":{"line":73,"column":6},"end":{"line":76,"column":7}}]},"7":{"loc":{"start":{"line":78,"column":6},"end":{"line":81,"column":7}},"type":"if","locations":[{"start":{"line":78,"column":6},"end":{"line":81,"column":7}}]}},"s":{"0":1,"1":1,"2":1,"3":6,"4":6,"5":6,"6":2,"7":2,"8":4,"9":4,"10":4,"11":1,"12":1,"13":3,"14":1,"15":1,"16":2,"17":1,"18":1,"19":1,"20":1,"21":1,"22":4,"23":4,"24":4,"25":2,"26":2,"27":2,"28":2,"29":2,"30":0,"31":0,"32":2,"33":0,"34":0,"35":2,"36":1,"37":1,"38":1,"39":1},"f":{"0":6,"1":4},"b":{"0":[2],"1":[6,5],"2":[1],"3":[1],"4":[2],"5":[4,3],"6":[0],"7":[0]}}
,"D:\\Zunitex\\zunitex\\functions\\src\\triggers\\post-likes.ts": {"path":"D:\\Zunitex\\zunitex\\functions\\src\\triggers\\post-likes.ts","statementMap":{"0":{"start":{"line":1,"column":0},"end":{"line":1,"column":48}},"1":{"start":{"line":2,"column":0},"end":{"line":2,"column":79}},"2":{"start":{"line":9,"column":13},"end":{"line":36,"column":5}},"3":{"start":{"line":12,"column":4},"end":{"line":35,"column":5}},"4":{"start":{"line":13,"column":31},"end":{"line":13,"column":42}},"5":{"start":{"line":16,"column":6},"end":{"line":19,"column":7}},"6":{"start":{"line":17,"column":8},"end":{"line":17,"column":63}},"7":{"start":{"line":18,"column":8},"end":{"line":18,"column":15}},"8":{"start":{"line":22,"column":25},"end":{"line":22,"column":74}},"9":{"start":{"line":23,"column":6},"end":{"line":26,"column":7}},"10":{"start":{"line":24,"column":8},"end":{"line":24,"column":55}},"11":{"start":{"line":25,"column":8},"end":{"line":25,"column":15}},"12":{"start":{"line":29,"column":6},"end":{"line":29,"column":70}},"13":{"start":{"line":31,"column":6},"end":{"line":31,"column":68}},"14":{"start":{"line":33,"column":6},"end":{"line":33,"column":57}},"15":{"start":{"line":34,"column":6},"end":{"line":34,"column":18}},"16":{"start":{"line":43,"column":13},"end":{"line":70,"column":5}},"17":{"start":{"line":46,"column":4},"end":{"line":69,"column":5}},"18":{"start":{"line":47,"column":31},"end":{"line":47,"column":42}},"19":{"start":{"line":50,"column":6},"end":{"line":53,"column":7}},"20":{"start":{"line":51,"column":8},"end":{"line":51,"column":65}},"21":{"start":{"line":52,"column":8},"end":{"line":52,"column":15}},"22":{"start":{"line":56,"column":25},"end":{"line":56,"column":74}},"23":{"start":{"line":57,"column":6},"end":{"line":60,"column":7}},"24":{"start":{"line":58,"column":8},"end":{"line":58,"column":66}},"25":{"start":{"line":59,"column":8},"end":{"line":59,"column":15}},"26":{"start":{"line":63,"column":6},"end":{"line":63,"column":71}},"27":{"start":{"line":65,"column":6},"end":{"line":65,"column":72}},"28":{"start":{"line":67,"column":6},"end":{"line":67,"column":57}},"29":{"start":{"line":68,"column":6},"end":{"line":68,"column":18}}},"fnMap":{"0":{"name":"(anonymous_9)","decl":{"start":{"line":11,"column":12},"end":{"line":11,"column":17}},"loc":{"start":{"line":11,"column":27},"end":{"line":36,"column":3}}},"1":{"name":"(anonymous_10)","decl":{"start":{"line":45,"column":12},"end":{"line":45,"column":17}},"loc":{"start":{"line":45,"column":27},"end":{"line":70,"column":3}}}},"branchMap":{"0":{"loc":{"start":{"line":16,"column":6},"end":{"line":19,"column":7}},"type":"if","locations":[{"start":{"line":16,"column":6},"end":{"line":19,"column":7}}]},"1":{"loc":{"start":{"line":16,"column":10},"end":{"line":16,"column":28}},"type":"binary-expr","locations":[{"start":{"line":16,"column":10},"end":{"line":16,"column":17}},{"start":{"line":16,"column":21},"end":{"line":16,"column":28}}]},"2":{"loc":{"start":{"line":23,"column":6},"end":{"line":26,"column":7}},"type":"if","locations":[{"start":{"line":23,"column":6},"end":{"line":26,"column":7}}]},"3":{"loc":{"start":{"line":50,"column":6},"end":{"line":53,"column":7}},"type":"if","locations":[{"start":{"line":50,"column":6},"end":{"line":53,"column":7}}]},"4":{"loc":{"start":{"line":50,"column":10},"end":{"line":50,"column":28}},"type":"binary-expr","locations":[{"start":{"line":50,"column":10},"end":{"line":50,"column":17}},{"start":{"line":50,"column":21},"end":{"line":50,"column":28}}]},"5":{"loc":{"start":{"line":57,"column":6},"end":{"line":60,"column":7}},"type":"if","locations":[{"start":{"line":57,"column":6},"end":{"line":60,"column":7}}]}},"s":{"0":1,"1":1,"2":1,"3":5,"4":5,"5":5,"6":2,"7":2,"8":3,"9":2,"10":1,"11":1,"12":1,"13":1,"14":1,"15":1,"16":1,"17":4,"18":4,"19":4,"20":2,"21":2,"22":2,"23":2,"24":0,"25":0,"26":2,"27":1,"28":1,"29":1},"f":{"0":5,"1":4},"b":{"0":[2],"1":[5,4],"2":[1],"3":[2],"4":[4,3],"5":[0]}}
,"D:\\Zunitex\\zunitex\\functions\\src\\triggers\\resource-likes.ts": {"path":"D:\\Zunitex\\zunitex\\functions\\src\\triggers\\resource-likes.ts","statementMap":{"0":{"start":{"line":1,"column":0},"end":{"line":1,"column":48}},"1":{"start":{"line":2,"column":0},"end":{"line":2,"column":79}},"2":{"start":{"line":9,"column":13},"end":{"line":36,"column":5}},"3":{"start":{"line":12,"column":4},"end":{"line":35,"column":5}},"4":{"start":{"line":13,"column":35},"end":{"line":13,"column":46}},"5":{"start":{"line":16,"column":6},"end":{"line":19,"column":7}},"6":{"start":{"line":17,"column":8},"end":{"line":17,"column":76}},"7":{"start":{"line":18,"column":8},"end":{"line":18,"column":15}},"8":{"start":{"line":22,"column":29},"end":{"line":22,"column":76}},"9":{"start":{"line":23,"column":6},"end":{"line":26,"column":7}},"10":{"start":{"line":24,"column":8},"end":{"line":24,"column":63}},"11":{"start":{"line":25,"column":8},"end":{"line":25,"column":15}},"12":{"start":{"line":29,"column":6},"end":{"line":29,"column":68}},"13":{"start":{"line":31,"column":6},"end":{"line":31,"column":76}},"14":{"start":{"line":33,"column":6},"end":{"line":33,"column":61}},"15":{"start":{"line":34,"column":6},"end":{"line":34,"column":18}},"16":{"start":{"line":43,"column":13},"end":{"line":70,"column":5}},"17":{"start":{"line":46,"column":4},"end":{"line":69,"column":5}},"18":{"start":{"line":47,"column":35},"end":{"line":47,"column":46}},"19":{"start":{"line":50,"column":6},"end":{"line":53,"column":7}},"20":{"start":{"line":51,"column":8},"end":{"line":51,"column":76}},"21":{"start":{"line":52,"column":8},"end":{"line":52,"column":15}},"22":{"start":{"line":56,"column":29},"end":{"line":56,"column":76}},"23":{"start":{"line":57,"column":6},"end":{"line":60,"column":7}},"24":{"start":{"line":58,"column":8},"end":{"line":58,"column":74}},"25":{"start":{"line":59,"column":8},"end":{"line":59,"column":15}},"26":{"start":{"line":63,"column":6},"end":{"line":63,"column":69}},"27":{"start":{"line":65,"column":6},"end":{"line":65,"column":80}},"28":{"start":{"line":67,"column":6},"end":{"line":67,"column":61}},"29":{"start":{"line":68,"column":6},"end":{"line":68,"column":18}}},"fnMap":{"0":{"name":"(anonymous_9)","decl":{"start":{"line":11,"column":12},"end":{"line":11,"column":17}},"loc":{"start":{"line":11,"column":27},"end":{"line":36,"column":3}}},"1":{"name":"(anonymous_10)","decl":{"start":{"line":45,"column":12},"end":{"line":45,"column":17}},"loc":{"start":{"line":45,"column":27},"end":{"line":70,"column":3}}}},"branchMap":{"0":{"loc":{"start":{"line":16,"column":6},"end":{"line":19,"column":7}},"type":"if","locations":[{"start":{"line":16,"column":6},"end":{"line":19,"column":7}}]},"1":{"loc":{"start":{"line":16,"column":10},"end":{"line":16,"column":32}},"type":"binary-expr","locations":[{"start":{"line":16,"column":10},"end":{"line":16,"column":21}},{"start":{"line":16,"column":25},"end":{"line":16,"column":32}}]},"2":{"loc":{"start":{"line":23,"column":6},"end":{"line":26,"column":7}},"type":"if","locations":[{"start":{"line":23,"column":6},"end":{"line":26,"column":7}}]},"3":{"loc":{"start":{"line":50,"column":6},"end":{"line":53,"column":7}},"type":"if","locations":[{"start":{"line":50,"column":6},"end":{"line":53,"column":7}}]},"4":{"loc":{"start":{"line":50,"column":10},"end":{"line":50,"column":32}},"type":"binary-expr","locations":[{"start":{"line":50,"column":10},"end":{"line":50,"column":21}},{"start":{"line":50,"column":25},"end":{"line":50,"column":32}}]},"5":{"loc":{"start":{"line":57,"column":6},"end":{"line":60,"column":7}},"type":"if","locations":[{"start":{"line":57,"column":6},"end":{"line":60,"column":7}}]}},"s":{"0":1,"1":1,"2":1,"3":5,"4":5,"5":5,"6":2,"7":2,"8":3,"9":3,"10":1,"11":1,"12":2,"13":1,"14":1,"15":1,"16":1,"17":4,"18":4,"19":4,"20":2,"21":2,"22":2,"23":2,"24":0,"25":0,"26":2,"27":1,"28":1,"29":1},"f":{"0":5,"1":4},"b":{"0":[2],"1":[5,4],"2":[1],"3":[2],"4":[4,3],"5":[0]}}
,"D:\\Zunitex\\zunitex\\functions\\src\\triggers\\reviews.ts": {"path":"D:\\Zunitex\\zunitex\\functions\\src\\triggers\\reviews.ts","statementMap":{"0":{"start":{"line":1,"column":0},"end":{"line":1,"column":48}},"1":{"start":{"line":2,"column":0},"end":{"line":2,"column":32}},"2":{"start":{"line":3,"column":0},"end":{"line":3,"column":52}},"3":{"start":{"line":10,"column":2},"end":{"line":73,"column":3}},"4":{"start":{"line":11,"column":28},"end":{"line":14,"column":12}},"5":{"start":{"line":16,"column":4},"end":{"line":29,"column":5}},"6":{"start":{"line":17,"column":6},"end":{"line":24,"column":8}},"7":{"start":{"line":25,"column":6},"end":{"line":27,"column":8}},"8":{"start":{"line":28,"column":6},"end":{"line":28,"column":13}},"9":{"start":{"line":31,"column":22},"end":{"line":31,"column":23}},"10":{"start":{"line":32,"column":16},"end":{"line":32,"column":17}},"11":{"start":{"line":34,"column":4},"end":{"line":40,"column":7}},"12":{"start":{"line":35,"column":19},"end":{"line":35,"column":29}},"13":{"start":{"line":36,"column":6},"end":{"line":39,"column":7}},"14":{"start":{"line":37,"column":8},"end":{"line":37,"column":35}},"15":{"start":{"line":38,"column":8},"end":{"line":38,"column":16}},"16":{"start":{"line":42,"column":4},"end":{"line":52,"column":5}},"17":{"start":{"line":43,"column":6},"end":{"line":50,"column":8}},"18":{"start":{"line":51,"column":6},"end":{"line":51,"column":13}},"19":{"start":{"line":54,"column":26},"end":{"line":54,"column":45}},"20":{"start":{"line":55,"column":26},"end":{"line":55,"column":61}},"21":{"start":{"line":57,"column":4},"end":{"line":64,"column":6}},"22":{"start":{"line":66,"column":4},"end":{"line":69,"column":6}},"23":{"start":{"line":71,"column":4},"end":{"line":71,"column":56}},"24":{"start":{"line":72,"column":4},"end":{"line":72,"column":16}},"25":{"start":{"line":81,"column":13},"end":{"line":98,"column":5}},"26":{"start":{"line":84,"column":4},"end":{"line":97,"column":5}},"27":{"start":{"line":85,"column":31},"end":{"line":85,"column":42}},"28":{"start":{"line":87,"column":6},"end":{"line":90,"column":7}},"29":{"start":{"line":88,"column":8},"end":{"line":88,"column":63}},"30":{"start":{"line":89,"column":8},"end":{"line":89,"column":15}},"31":{"start":{"line":92,"column":6},"end":{"line":92,"column":45}},"32":{"start":{"line":93,"column":6},"end":{"line":93,"column":79}},"33":{"start":{"line":95,"column":6},"end":{"line":95,"column":55}},"34":{"start":{"line":96,"column":6},"end":{"line":96,"column":18}},"35":{"start":{"line":105,"column":13},"end":{"line":124,"column":5}},"36":{"start":{"line":108,"column":4},"end":{"line":123,"column":5}},"37":{"start":{"line":109,"column":31},"end":{"line":109,"column":50}},"38":{"start":{"line":111,"column":6},"end":{"line":114,"column":7}},"39":{"start":{"line":112,"column":8},"end":{"line":112,"column":63}},"40":{"start":{"line":113,"column":8},"end":{"line":113,"column":15}},"41":{"start":{"line":116,"column":6},"end":{"line":116,"column":45}},"42":{"start":{"line":117,"column":6},"end":{"line":119,"column":8}},"43":{"start":{"line":121,"column":6},"end":{"line":121,"column":55}},"44":{"start":{"line":122,"column":6},"end":{"line":122,"column":18}},"45":{"start":{"line":131,"column":13},"end":{"line":150,"column":5}},"46":{"start":{"line":134,"column":4},"end":{"line":149,"column":5}},"47":{"start":{"line":135,"column":31},"end":{"line":135,"column":42}},"48":{"start":{"line":137,"column":6},"end":{"line":140,"column":7}},"49":{"start":{"line":138,"column":8},"end":{"line":138,"column":63}},"50":{"start":{"line":139,"column":8},"end":{"line":139,"column":15}},"51":{"start":{"line":142,"column":6},"end":{"line":142,"column":45}},"52":{"start":{"line":143,"column":6},"end":{"line":145,"column":8}},"53":{"start":{"line":147,"column":6},"end":{"line":147,"column":55}},"54":{"start":{"line":148,"column":6},"end":{"line":148,"column":18}}},"fnMap":{"0":{"name":"updateUserRating","decl":{"start":{"line":9,"column":15},"end":{"line":9,"column":31}},"loc":{"start":{"line":9,"column":54},"end":{"line":74,"column":1}}},"1":{"name":"(anonymous_10)","decl":{"start":{"line":34,"column":28},"end":{"line":34,"column":29}},"loc":{"start":{"line":34,"column":36},"end":{"line":40,"column":5}}},"2":{"name":"(anonymous_11)","decl":{"start":{"line":83,"column":12},"end":{"line":83,"column":17}},"loc":{"start":{"line":83,"column":27},"end":{"line":98,"column":3}}},"3":{"name":"(anonymous_12)","decl":{"start":{"line":107,"column":12},"end":{"line":107,"column":17}},"loc":{"start":{"line":107,"column":29},"end":{"line":124,"column":3}}},"4":{"name":"(anonymous_13)","decl":{"start":{"line":133,"column":12},"end":{"line":133,"column":17}},"loc":{"start":{"line":133,"column":27},"end":{"line":150,"column":3}}}},"branchMap":{"0":{"loc":{"start":{"line":16,"column":4},"end":{"line":29,"column":5}},"type":"if","locations":[{"start":{"line":16,"column":4},"end":{"line":29,"column":5}}]},"1":{"loc":{"start":{"line":36,"column":6},"end":{"line":39,"column":7}},"type":"if","locations":[{"start":{"line":36,"column":6},"end":{"line":39,"column":7}}]},"2":{"loc":{"start":{"line":36,"column":10},"end":{"line":36,"column":56}},"type":"binary-expr","locations":[{"start":{"line":36,"column":10},"end":{"line":36,"column":21}},{"start":{"line":36,"column":25},"end":{"line":36,"column":56}}]},"3":{"loc":{"start":{"line":42,"column":4},"end":{"line":52,"column":5}},"type":"if","locations":[{"start":{"line":42,"column":4},"end":{"line":52,"column":5}}]},"4":{"loc":{"start":{"line":87,"column":6},"end":{"line":90,"column":7}},"type":"if","locations":[{"start":{"line":87,"column":6},"end":{"line":90,"column":7}}]},"5":{"loc":{"start":{"line":111,"column":6},"end":{"line":114,"column":7}},"type":"if","locations":[{"start":{"line":111,"column":6},"end":{"line":114,"column":7}}]},"6":{"loc":{"start":{"line":137,"column":6},"end":{"line":140,"column":7}},"type":"if","locations":[{"start":{"line":137,"column":6},"end":{"line":140,"column":7}}]}},"s":{"0":1,"1":1,"2":1,"3":10,"4":10,"5":7,"6":2,"7":2,"8":2,"9":5,"10":5,"11":5,"12":11,"13":11,"14":11,"15":11,"16":5,"17":0,"18":0,"19":5,"20":5,"21":5,"22":5,"23":3,"24":3,"25":1,"26":6,"27":6,"28":6,"29":1,"30":1,"31":5,"32":4,"33":1,"34":1,"35":1,"36":3,"37":3,"38":3,"39":1,"40":1,"41":2,"42":1,"43":1,"44":1,"45":1,"46":4,"47":4,"48":4,"49":1,"50":1,"51":3,"52":2,"53":1,"54":1},"f":{"0":10,"1":11,"2":6,"3":3,"4":4},"b":{"0":[2],"1":[11],"2":[11,11],"3":[0],"4":[1],"5":[1],"6":[1]}}
,"D:\\Zunitex\\zunitex\\functions\\src\\utils\\firestore-helpers.ts": {"path":"D:\\Zunitex\\zunitex\\functions\\src\\utils\\firestore-helpers.ts","statementMap":{"0":{"start":{"line":11,"column":0},"end":{"line":11,"column":7}},"1":{"start":{"line":32,"column":0},"end":{"line":32,"column":7}},"2":{"start":{"line":47,"column":0},"end":{"line":47,"column":7}},"3":{"start":{"line":68,"column":0},"end":{"line":68,"column":7}},"4":{"start":{"line":1,"column":0},"end":{"line":1,"column":52}},"5":{"start":{"line":2,"column":0},"end":{"line":2,"column":32}},"6":{"start":{"line":16,"column":2},"end":{"line":24,"column":3}},"7":{"start":{"line":17,"column":4},"end":{"line":20,"column":7}},"8":{"start":{"line":22,"column":4},"end":{"line":22,"column":80}},"9":{"start":{"line":23,"column":4},"end":{"line":23,"column":16}},"10":{"start":{"line":33,"column":2},"end":{"line":39,"column":3}},"11":{"start":{"line":34,"column":16},"end":{"line":34,"column":48}},"12":{"start":{"line":35,"column":4},"end":{"line":35,"column":22}},"13":{"start":{"line":37,"column":4},"end":{"line":37,"column":73}},"14":{"start":{"line":38,"column":4},"end":{"line":38,"column":17}},"15":{"start":{"line":50,"column":2},"end":{"line":59,"column":3}},"16":{"start":{"line":51,"column":16},"end":{"line":51,"column":48}},"17":{"start":{"line":52,"column":4},"end":{"line":54,"column":5}},"18":{"start":{"line":53,"column":6},"end":{"line":53,"column":24}},"19":{"start":{"line":55,"column":4},"end":{"line":55,"column":16}},"20":{"start":{"line":57,"column":4},"end":{"line":57,"column":68}},"21":{"start":{"line":58,"column":4},"end":{"line":58,"column":16}},"22":{"start":{"line":72,"column":2},"end":{"line":80,"column":3}},"23":{"start":{"line":73,"column":20},"end":{"line":73,"column":57}},"24":{"start":{"line":74,"column":22},"end":{"line":74,"column":54}},"25":{"start":{"line":76,"column":4},"end":{"line":76,"column":46}},"26":{"start":{"line":78,"column":4},"end":{"line":78,"column":55}},"27":{"start":{"line":79,"column":4},"end":{"line":79,"column":17}}},"fnMap":{"0":{"name":"incrementCounter","decl":{"start":{"line":11,"column":22},"end":{"line":11,"column":38}},"loc":{"start":{"line":14,"column":20},"end":{"line":25,"column":1}}},"1":{"name":"documentExists","decl":{"start":{"line":32,"column":22},"end":{"line":32,"column":36}},"loc":{"start":{"line":32,"column":57},"end":{"line":40,"column":1}}},"2":{"name":"getDocument","decl":{"start":{"line":47,"column":22},"end":{"line":47,"column":33}},"loc":{"start":{"line":48,"column":22},"end":{"line":60,"column":1}}},"3":{"name":"validateEntities","decl":{"start":{"line":68,"column":22},"end":{"line":68,"column":38}},"loc":{"start":{"line":70,"column":22},"end":{"line":81,"column":1}}}},"branchMap":{"0":{"loc":{"start":{"line":14,"column":2},"end":{"line":14,"column":20}},"type":"default-arg","locations":[{"start":{"line":14,"column":19},"end":{"line":14,"column":20}}]},"1":{"loc":{"start":{"line":52,"column":4},"end":{"line":54,"column":5}},"type":"if","locations":[{"start":{"line":52,"column":4},"end":{"line":54,"column":5}}]},"2":{"loc":{"start":{"line":76,"column":11},"end":{"line":76,"column":45}},"type":"binary-expr","locations":[{"start":{"line":76,"column":11},"end":{"line":76,"column":25}},{"start":{"line":76,"column":29},"end":{"line":76,"column":45}}]}},"s":{"0":0,"1":0,"2":0,"3":0,"4":0,"5":0,"6":0,"7":0,"8":0,"9":0,"10":0,"11":0,"12":0,"13":0,"14":0,"15":0,"16":0,"17":0,"18":0,"19":0,"20":0,"21":0,"22":0,"23":0,"24":0,"25":0,"26":0,"27":0},"f":{"0":0,"1":0,"2":0,"3":0},"b":{"0":[0],"1":[0],"2":[0,0]}}
}
