TN:
SF:src\config.ts
FN:14,(anonymous_0)
FN:22,(anonymous_1)
FNF:2
FNH:0
FNDA:0,(anonymous_0)
FNDA:0,(anonymous_1)
DA:1,0
DA:2,0
DA:3,0
DA:6,0
DA:7,0
DA:10,0
DA:11,0
DA:14,0
DA:19,0
DA:22,0
DA:23,0
LF:11
LH:0
BRDA:6,0,0,0
BRDA:19,1,0,0
BRDA:19,1,1,0
BRF:3
BRH:0
end_of_record
TN:
SF:src\__tests__\setup.ts
FN:13,(anonymous_10)
FN:17,(anonymous_11)
FN:26,(anonymous_12)
FN:31,(anonymous_13)
FN:36,(anonymous_14)
FN:43,(anonymous_15)
FNF:6
FNH:3
FNDA:0,(anonymous_10)
FNDA:0,(anonymous_11)
FNDA:46,(anonymous_12)
FNDA:0,(anonymous_13)
FNDA:3,(anonymous_14)
FNDA:5,(anonymous_15)
DA:1,5
DA:2,5
DA:5,5
DA:13,5
DA:14,0
DA:17,0
DA:22,0
DA:26,5
DA:27,46
DA:31,5
DA:32,0
DA:36,5
DA:37,3
DA:38,3
DA:39,3
DA:43,5
DA:44,5
LF:17
LH:13
BRDA:26,0,0,0
BRDA:26,1,0,0
BRDA:31,2,0,0
BRDA:31,3,0,0
BRDA:36,4,0,0
BRDA:36,5,0,0
BRF:6
BRH:0
end_of_record
TN:
SF:src\triggers\blog-likes.ts
FN:11,(anonymous_9)
FN:45,(anonymous_10)
FNF:2
FNH:2
FNDA:5,(anonymous_9)
FNDA:3,(anonymous_10)
DA:1,1
DA:2,1
DA:9,1
DA:12,5
DA:13,5
DA:16,5
DA:17,2
DA:18,2
DA:22,3
DA:23,3
DA:24,1
DA:25,1
DA:29,2
DA:31,1
DA:33,1
DA:34,1
DA:43,1
DA:46,3
DA:47,3
DA:50,3
DA:51,1
DA:52,1
DA:56,2
DA:57,2
DA:58,0
DA:59,0
DA:63,2
DA:65,1
DA:67,1
DA:68,1
LF:30
LH:28
BRDA:16,0,0,2
BRDA:16,1,0,5
BRDA:16,1,1,4
BRDA:23,2,0,1
BRDA:50,3,0,1
BRDA:50,4,0,3
BRDA:50,4,1,2
BRDA:57,5,0,0
BRF:8
BRH:7
end_of_record
TN:
SF:src\triggers\followers.ts
FN:13,(anonymous_9)
FN:59,(anonymous_10)
FNF:2
FNH:2
FNDA:6,(anonymous_9)
FNDA:4,(anonymous_10)
DA:1,1
DA:2,1
DA:11,1
DA:14,6
DA:15,6
DA:18,6
DA:19,2
DA:20,2
DA:24,4
DA:25,4
DA:27,4
DA:28,1
DA:29,1
DA:32,3
DA:33,1
DA:34,1
DA:38,2
DA:41,1
DA:43,1
DA:45,1
DA:46,1
DA:57,1
DA:60,4
DA:61,4
DA:64,4
DA:65,2
DA:66,2
DA:70,2
DA:71,2
DA:73,2
DA:74,0
DA:75,0
DA:78,2
DA:79,0
DA:80,0
DA:84,2
DA:87,1
DA:89,1
DA:91,1
DA:92,1
LF:40
LH:36
BRDA:18,0,0,2
BRDA:18,1,0,6
BRDA:18,1,1,5
BRDA:27,2,0,1
BRDA:32,3,0,1
BRDA:64,4,0,2
BRDA:64,5,0,4
BRDA:64,5,1,3
BRDA:73,6,0,0
BRDA:78,7,0,0
BRF:10
BRH:8
end_of_record
TN:
SF:src\triggers\post-likes.ts
FN:11,(anonymous_9)
FN:45,(anonymous_10)
FNF:2
FNH:2
FNDA:5,(anonymous_9)
FNDA:4,(anonymous_10)
DA:1,1
DA:2,1
DA:9,1
DA:12,5
DA:13,5
DA:16,5
DA:17,2
DA:18,2
DA:22,3
DA:23,2
DA:24,1
DA:25,1
DA:29,1
DA:31,1
DA:33,1
DA:34,1
DA:43,1
DA:46,4
DA:47,4
DA:50,4
DA:51,2
DA:52,2
DA:56,2
DA:57,2
DA:58,0
DA:59,0
DA:63,2
DA:65,1
DA:67,1
DA:68,1
LF:30
LH:28
BRDA:16,0,0,2
BRDA:16,1,0,5
BRDA:16,1,1,4
BRDA:23,2,0,1
BRDA:50,3,0,2
BRDA:50,4,0,4
BRDA:50,4,1,3
BRDA:57,5,0,0
BRF:8
BRH:7
end_of_record
TN:
SF:src\triggers\resource-likes.ts
FN:11,(anonymous_9)
FN:45,(anonymous_10)
FNF:2
FNH:2
FNDA:5,(anonymous_9)
FNDA:4,(anonymous_10)
DA:1,1
DA:2,1
DA:9,1
DA:12,5
DA:13,5
DA:16,5
DA:17,2
DA:18,2
DA:22,3
DA:23,3
DA:24,1
DA:25,1
DA:29,2
DA:31,1
DA:33,1
DA:34,1
DA:43,1
DA:46,4
DA:47,4
DA:50,4
DA:51,2
DA:52,2
DA:56,2
DA:57,2
DA:58,0
DA:59,0
DA:63,2
DA:65,1
DA:67,1
DA:68,1
LF:30
LH:28
BRDA:16,0,0,2
BRDA:16,1,0,5
BRDA:16,1,1,4
BRDA:23,2,0,1
BRDA:50,3,0,2
BRDA:50,4,0,4
BRDA:50,4,1,3
BRDA:57,5,0,0
BRF:8
BRH:7
end_of_record
TN:
SF:src\triggers\reviews.ts
FN:9,updateUserRating
FN:34,(anonymous_10)
FN:83,(anonymous_11)
FN:107,(anonymous_12)
FN:133,(anonymous_13)
FNF:5
FNH:5
FNDA:10,updateUserRating
FNDA:11,(anonymous_10)
FNDA:6,(anonymous_11)
FNDA:3,(anonymous_12)
FNDA:4,(anonymous_13)
DA:1,1
DA:2,1
DA:3,1
DA:10,10
DA:11,10
DA:16,7
DA:17,2
DA:25,2
DA:28,2
DA:31,5
DA:32,5
DA:34,5
DA:35,11
DA:36,11
DA:37,11
DA:38,11
DA:42,5
DA:43,0
DA:51,0
DA:54,5
DA:55,5
DA:57,5
DA:66,5
DA:71,3
DA:72,3
DA:81,1
DA:84,6
DA:85,6
DA:87,6
DA:88,1
DA:89,1
DA:92,5
DA:93,4
DA:95,1
DA:96,1
DA:105,1
DA:108,3
DA:109,3
DA:111,3
DA:112,1
DA:113,1
DA:116,2
DA:117,1
DA:121,1
DA:122,1
DA:131,1
DA:134,4
DA:135,4
DA:137,4
DA:138,1
DA:139,1
DA:142,3
DA:143,2
DA:147,1
DA:148,1
LF:55
LH:53
BRDA:16,0,0,2
BRDA:36,1,0,11
BRDA:36,2,0,11
BRDA:36,2,1,11
BRDA:42,3,0,0
BRDA:87,4,0,1
BRDA:111,5,0,1
BRDA:137,6,0,1
BRF:8
BRH:7
end_of_record
TN:
SF:src\utils\firestore-helpers.ts
FN:11,incrementCounter
FN:32,documentExists
FN:47,getDocument
FN:68,validateEntities
FNF:4
FNH:0
FNDA:0,incrementCounter
FNDA:0,documentExists
FNDA:0,getDocument
FNDA:0,validateEntities
DA:1,0
DA:2,0
DA:11,0
DA:16,0
DA:17,0
DA:22,0
DA:23,0
DA:32,0
DA:33,0
DA:34,0
DA:35,0
DA:37,0
DA:38,0
DA:47,0
DA:50,0
DA:51,0
DA:52,0
DA:53,0
DA:55,0
DA:57,0
DA:58,0
DA:68,0
DA:72,0
DA:73,0
DA:74,0
DA:76,0
DA:78,0
DA:79,0
LF:28
LH:0
BRDA:14,0,0,0
BRDA:52,1,0,0
BRDA:76,2,0,0
BRDA:76,2,1,0
BRF:4
BRH:0
end_of_record
